<?xml version="1.0" encoding="UTF-8"?>
<testsuite name="com.analyzerservice.metric.RestTemplatePrometheusInstantQueryClientTest" tests="3" skipped="0" failures="0" errors="0" timestamp="2026-04-11T02:50:11" hostname="hjui-MacBookPro.local" time="0.014">
  <properties/>
  <testcase name="queryInstantScalar_returnsZeroWhenEmptyResult()" classname="com.analyzerservice.metric.RestTemplatePrometheusInstantQueryClientTest" time="0.01"/>
  <testcase name="queryInstantScalar_returnsZeroForBlankPromql()" classname="com.analyzerservice.metric.RestTemplatePrometheusInstantQueryClientTest" time="0.001"/>
  <testcase name="queryInstantScalar_returnsFirstSampleValue()" classname="com.analyzerservice.metric.RestTemplatePrometheusInstantQueryClientTest" time="0.003"/>
  <system-out><![CDATA[11:50:11.278 [Test worker] WARN com.analyzerservice.metric.RestTemplatePrometheusInstantQueryClient -- PromQL이 비어 있어 조회를 건너뜁니다.
]]></system-out>
  <system-err><![CDATA[]]></system-err>
</testsuite>
