<?xml version="1.0" encoding="UTF-8"?>
<testsuite name="com.analyzerservice.metric.RestTemplatePrometheusInstantQueryClientTest" tests="3" skipped="0" failures="0" errors="0" timestamp="2026-04-13T02:48:54" hostname="hjui-MacBookPro.local" time="0.045">
  <properties/>
  <testcase name="queryInstantScalar_returnsZeroWhenEmptyResult()" classname="com.analyzerservice.metric.RestTemplatePrometheusInstantQueryClientTest" time="0.037"/>
  <testcase name="queryInstantScalar_returnsZeroForBlankPromql()" classname="com.analyzerservice.metric.RestTemplatePrometheusInstantQueryClientTest" time="0.001"/>
  <testcase name="queryInstantScalar_returnsFirstSampleValue()" classname="com.analyzerservice.metric.RestTemplatePrometheusInstantQueryClientTest" time="0.005"/>
  <system-out><![CDATA[11:48:54.594 [Test worker] INFO com.analyzerservice.metric.RestTemplatePrometheusInstantQueryClient -- Prometheus Query 실행: uri=http://localhost:9090/api/v1/query?query=empty%28%29, promql=empty()
11:48:54.595 [Test worker] WARN com.analyzerservice.metric.RestTemplatePrometheusInstantQueryClient -- Prometheus 쿼리 결과 없음: promqlSnippet=empty()
11:48:54.600 [Test worker] WARN com.analyzerservice.metric.RestTemplatePrometheusInstantQueryClient -- PromQL이 비어 있어 조회를 건너뜁니다.
11:48:54.606 [Test worker] INFO com.analyzerservice.metric.RestTemplatePrometheusInstantQueryClient -- Prometheus Query 실행: uri=http://localhost:9090/api/v1/query?query=up, promql=up
]]></system-out>
  <system-err><![CDATA[]]></system-err>
</testsuite>
