<?xml version="1.0" encoding="UTF-8"?>
<testsuite name="com.analyzerservice.log.LogCollectorTest" tests="3" skipped="0" failures="0" errors="0" timestamp="2026-04-13T02:48:54" hostname="hjui-MacBookPro.local" time="0.239">
  <properties/>
  <testcase name="collectRecentErrors_parsesStreams_sortsNewestFirst_capsAtTen()" classname="com.analyzerservice.log.LogCollectorTest" time="0.223"/>
  <testcase name="collectRecentErrors_returnsEmptyWhenNotSuccess()" classname="com.analyzerservice.log.LogCollectorTest" time="0.01"/>
  <testcase name="collectRecentErrors_returnsAtMostTenLines()" classname="com.analyzerservice.log.LogCollectorTest" time="0.005"/>
  <system-out><![CDATA[11:48:54.553 [Test worker] WARN com.analyzerservice.log.LogCollector -- Loki 응답 비정상: uri=http://localhost:3100/loki/api/v1/query_range?query=%7Bjob%3D%22msa%22%7D%20%7C%3D%20%22error%22&start=1776048474550179000&end=1776048534550179000&limit=10
]]></system-out>
  <system-err><![CDATA[]]></system-err>
</testsuite>
